TN:
SF:compiler/checkers/core_helpers.ts
FN:16,__name
FN:16,makeCoreHelpers
FN:26,mustBe
FN:36,joinConcreteOrError
FN:65,requireValue
FN:70,requireBranchValue
FN:78,implicitReturnFromBody
FNF:7
FNH:7
FNDA:296,__name
FNDA:59,makeCoreHelpers
FNDA:21,mustBe
FNDA:28,joinConcreteOrError
FNDA:38,requireValue
FNDA:13,requireBranchValue
FNDA:10,implicitReturnFromBody
DA:1,1
DA:2,1
DA:3,1
DA:4,1
DA:5,1
DA:6,1
DA:7,1
DA:8,1
DA:9,1
DA:10,1
DA:11,1
DA:12,1
DA:13,1
DA:14,1
DA:15,1
DA:16,1
DA:17,59
DA:18,59
DA:19,59
DA:20,59
DA:21,59
DA:22,59
DA:23,59
DA:24,59
DA:25,59
DA:26,59
DA:27,21
DA:28,21
DA:29,21
DA:30,21
DA:31,59
DA:32,59
DA:33,59
DA:34,59
DA:35,59
DA:36,59
DA:37,28
DA:38,28
DA:39,3
DA:40,3
DA:41,1
DA:42,28
DA:43,28
DA:44,25
DA:45,28
DA:46,2
DA:47,2
DA:48,2
DA:49,2
DA:50,28
DA:51,28
DA:52,28
DA:53,11
DA:54,1
DA:55,1
DA:56,1
DA:57,1
DA:58,1
DA:59,1
DA:60,11
DA:61,28
DA:62,28
DA:63,59
DA:64,59
DA:65,59
DA:66,38
DA:67,38
DA:68,59
DA:69,59
DA:70,59
DA:71,13
DA:72,13
DA:73,59
DA:74,59
DA:75,59
DA:76,59
DA:77,59
DA:78,59
DA:79,10
DA:80,10
DA:81,10
DA:82,10
DA:83,10
DA:84,6
DA:85,6
DA:86,5
DA:87,5
DA:88,6
DA:89,1
DA:90,10
DA:91,10
DA:92,2
DA:93,1
DA:94,1
DA:95,1
DA:96,1
DA:97,1
DA:98,1
DA:99,1
DA:100,1
DA:101,1
DA:102,1
DA:103,1
DA:104,1
DA:105,1
DA:106,2
DA:107,2
DA:108,10
DA:109,59
DA:110,59
DA:111,59
LF:111
LH:111
BRDA:16,0,0,296
BRDA:16,1,0,59
BRDA:26,2,0,21
BRDA:27,3,0,19
BRDA:27,4,0,2
BRDA:28,5,0,19
BRDA:28,6,0,18
BRDA:28,7,0,1
BRDA:29,8,0,18
BRDA:29,9,0,11
BRDA:36,10,0,28
BRDA:38,11,0,3
BRDA:39,12,0,2
BRDA:40,13,0,1
BRDA:43,14,0,25
BRDA:45,15,0,5
BRDA:45,16,0,2
BRDA:51,17,0,23
BRDA:52,18,0,11
BRDA:53,19,0,1
BRDA:61,20,0,22
BRDA:37,21,0,44
BRDA:37,22,0,40
BRDA:39,23,0,5
BRDA:43,24,0,34
BRDA:44,25,0,29
BRDA:46,26,0,4
BRDA:65,27,0,38
BRDA:66,28,0,6
BRDA:70,29,0,13
BRDA:71,30,0,5
BRDA:78,31,0,10
BRDA:83,32,0,6
BRDA:85,33,0,5
BRDA:88,34,0,1
BRDA:91,35,0,4
BRDA:91,36,0,2
BRDA:92,37,0,1
BRF:38
BRH:38
end_of_record
TN:
SF:compiler/checkers/env.ts
FN:11,__name
FN:11,makeEnvHelpers
FN:18,err
FN:23,warn
FN:31,spanOf
FN:39,declare
FN:56,use
FN:69,finishScope
FN:78,warnUnusedTopLevel
FNF:9
FNH:9
FNDA:71,__name
FNDA:10,makeEnvHelpers
FNDA:5,err
FNDA:3,warn
FNDA:6,spanOf
FNDA:6,declare
FNDA:4,use
FNDA:3,finishScope
FNDA:3,warnUnusedTopLevel
DA:1,1
DA:2,1
DA:3,1
DA:4,1
DA:5,1
DA:6,1
DA:7,1
DA:8,1
DA:9,1
DA:10,1
DA:11,1
DA:12,10
DA:13,10
DA:14,10
DA:15,10
DA:16,10
DA:17,10
DA:18,10
DA:19,5
DA:20,5
DA:21,10
DA:22,10
DA:23,10
DA:24,3
DA:25,3
DA:26,10
DA:27,10
DA:28,10
DA:29,10
DA:30,10
DA:31,10
DA:32,6
DA:33,6
DA:34,10
DA:35,10
DA:36,10
DA:37,10
DA:38,10
DA:39,10
DA:40,6
DA:41,6
DA:42,6
DA:43,6
DA:44,6
DA:45,6
DA:46,6
DA:47,6
DA:48,6
DA:49,6
DA:50,6
DA:51,6
DA:52,10
DA:53,10
DA:54,10
DA:55,10
DA:56,10
DA:57,4
DA:58,4
DA:59,4
DA:60,2
DA:61,2
DA:62,2
DA:63,4
DA:64,4
DA:65,2
DA:66,4
DA:67,10
DA:68,10
DA:69,10
DA:70,3
DA:71,4
DA:72,3
DA:73,3
DA:74,4
DA:75,3
DA:76,10
DA:77,10
DA:78,10
DA:79,3
DA:80,4
DA:81,3
DA:82,3
DA:83,4
DA:84,3
DA:85,10
DA:86,10
DA:87,10
LF:87
LH:87
BRDA:11,0,0,71
BRDA:11,1,0,10
BRDA:18,2,0,5
BRDA:23,3,0,3
BRDA:31,4,0,6
BRDA:32,5,0,4
BRDA:32,6,0,2
BRDA:32,7,0,4
BRDA:39,8,0,6
BRDA:46,9,0,0
BRDA:48,10,0,0
BRDA:49,11,0,5
BRDA:56,12,0,4
BRDA:59,13,0,2
BRDA:64,14,0,2
BRDA:69,15,0,3
BRDA:70,16,0,4
BRDA:71,17,0,3
BRDA:71,18,0,3
BRDA:78,19,0,3
BRDA:79,20,0,4
BRDA:80,21,0,3
BRDA:80,22,0,3
BRF:23
BRH:21
end_of_record
TN:
SF:compiler/checkers/expr.ts
FN:15,__name
FN:15,makeExprVisitor
FN:37,visitExpr
FNF:3
FNH:3
FNDA:28,__name
FNDA:27,makeExprVisitor
FNDA:121,visitExpr
DA:1,1
DA:2,1
DA:3,1
DA:4,1
DA:5,1
DA:6,1
DA:7,1
DA:8,1
DA:9,1
DA:10,1
DA:11,1
DA:12,1
DA:13,1
DA:14,1
DA:15,1
DA:16,27
DA:17,27
DA:18,27
DA:19,27
DA:20,27
DA:21,27
DA:22,27
DA:23,27
DA:24,27
DA:25,27
DA:26,27
DA:27,27
DA:28,27
DA:29,27
DA:30,27
DA:31,27
DA:32,27
DA:33,27
DA:34,27
DA:35,27
DA:36,27
DA:37,27
DA:38,121
DA:39,121
DA:40,121
DA:41,121
DA:42,121
DA:43,121
DA:44,121
DA:45,18
DA:46,121
DA:47,121
DA:48,39
DA:49,121
DA:50,121
DA:51,10
DA:52,121
DA:53,121
DA:54,2
DA:55,2
DA:56,2
DA:57,2
DA:58,4
DA:59,2
DA:60,2
DA:61,2
DA:62,4
DA:63,2
DA:64,2
DA:65,121
DA:66,121
DA:67,3
DA:68,3
DA:69,2
DA:70,2
DA:71,2
DA:72,3
DA:73,1
DA:74,121
DA:75,121
DA:76,9
DA:77,9
DA:78,9
DA:79,9
DA:80,2
DA:81,2
DA:82,2
DA:83,2
DA:84,2
DA:85,2
DA:86,9
DA:87,9
DA:88,2
DA:89,2
DA:90,2
DA:91,2
DA:92,2
DA:93,2
DA:94,9
DA:95,9
DA:96,2
DA:97,2
DA:98,2
DA:99,2
DA:100,2
DA:101,2
DA:102,2
DA:103,1
DA:104,1
DA:105,1
DA:106,1
DA:107,1
DA:108,2
DA:109,2
DA:110,9
DA:111,9
DA:112,2
DA:113,2
DA:114,2
DA:115,2
DA:116,2
DA:117,2
DA:118,9
DA:119,9
DA:120,1
DA:121,121
DA:122,121
DA:123,5
DA:124,5
DA:125,5
DA:126,5
DA:127,2
DA:128,2
DA:129,2
DA:130,2
DA:131,2
DA:132,2
DA:133,5
DA:134,5
DA:135,2
DA:136,2
DA:137,2
DA:138,2
DA:139,2
DA:140,2
DA:141,5
DA:142,5
DA:143,2
DA:144,2
DA:145,2
DA:146,2
DA:147,2
DA:148,2
DA:149,2
DA:150,2
DA:151,2
DA:152,2
DA:153,2
DA:154,2
DA:155,2
DA:156,2
DA:157,2
DA:158,2
DA:159,5
DA:160,5
DA:161,1
DA:162,121
DA:163,121
DA:164,6
DA:165,3
DA:166,3
DA:167,3
DA:168,3
DA:169,3
DA:170,3
DA:171,3
DA:172,3
DA:173,3
DA:174,3
DA:175,3
DA:176,3
DA:177,3
DA:178,3
DA:179,3
DA:180,3
DA:181,3
DA:182,3
DA:183,3
DA:184,3
DA:185,3
DA:186,3
DA:187,3
DA:188,1
DA:189,1
DA:190,3
DA:191,6
DA:192,6
DA:193,6
DA:194,6
DA:195,6
DA:196,6
DA:197,6
DA:198,6
DA:199,6
DA:200,6
DA:201,6
DA:202,6
DA:203,2
DA:204,2
DA:205,2
DA:206,2
DA:207,6
DA:208,4
DA:209,4
DA:210,4
DA:211,4
DA:212,4
DA:213,6
DA:214,6
DA:215,6
DA:216,6
DA:217,6
DA:218,6
DA:219,6
DA:220,6
DA:221,6
DA:222,6
DA:223,1
DA:224,1
DA:225,1
DA:226,1
DA:227,6
DA:228,6
DA:229,5
DA:230,5
DA:231,6
DA:232,7
DA:233,7
DA:234,7
DA:235,7
DA:236,7
DA:237,7
DA:238,7
DA:239,7
DA:240,7
DA:241,7
DA:242,7
DA:243,3
DA:244,3
DA:245,3
DA:246,3
DA:247,3
DA:248,3
DA:249,3
DA:250,7
DA:251,6
DA:252,6
DA:253,9
DA:254,9
DA:255,6
DA:256,6
DA:257,5
DA:258,6
DA:259,6
DA:260,6
DA:261,6
DA:262,6
DA:263,6
DA:264,3
DA:265,3
DA:266,3
DA:267,3
DA:268,3
DA:269,3
DA:270,6
DA:271,1
DA:272,1
DA:273,1
DA:274,6
DA:275,6
DA:276,2
DA:277,2
DA:278,2
DA:279,2
DA:280,2
DA:281,2
DA:282,2
DA:283,2
DA:284,2
DA:285,2
DA:286,2
DA:287,2
DA:288,1
DA:289,1
DA:290,1
DA:291,1
DA:292,1
DA:293,1
DA:294,1
DA:295,2
DA:296,2
DA:297,2
DA:298,2
DA:299,121
DA:300,121
DA:301,13
DA:302,13
DA:303,2
DA:304,2
DA:305,2
DA:306,2
DA:307,13
DA:308,13
DA:309,13
DA:310,2
DA:311,2
DA:312,2
DA:313,2
DA:314,13
DA:315,13
DA:316,13
DA:317,13
DA:318,13
DA:319,6
DA:320,6
DA:321,6
DA:322,6
DA:323,6
DA:324,3
DA:325,3
DA:326,3
DA:327,3
DA:328,3
DA:329,3
DA:330,3
DA:331,6
DA:332,13
DA:333,13
DA:334,9
DA:335,121
DA:336,121
DA:337,1
DA:338,1
DA:339,1
DA:340,1
DA:341,1
DA:342,1
DA:343,1
DA:344,1
DA:345,1
DA:346,121
DA:347,121
DA:348,27
LF:348
LH:348
BRDA:15,0,0,28
BRDA:15,1,0,27
BRDA:37,2,0,121
BRDA:44,3,0,18
BRDA:47,4,0,39
BRDA:50,5,0,10
BRDA:53,6,0,2
BRDA:57,7,0,4
BRDA:58,8,0,2
BRDA:66,9,0,3
BRDA:68,10,0,2
BRDA:72,11,0,1
BRDA:75,12,0,9
BRDA:79,13,0,2
BRDA:80,14,0,1
BRDA:81,15,0,1
BRDA:82,16,0,0
BRDA:83,17,0,0
BRDA:87,18,0,7
BRDA:87,19,0,2
BRDA:88,20,0,1
BRDA:89,21,0,1
BRDA:90,22,0,1
BRDA:91,23,0,1
BRDA:95,24,0,5
BRDA:95,25,0,3
BRDA:95,26,0,2
BRDA:102,27,0,1
BRDA:111,28,0,3
BRDA:111,29,0,1
BRDA:111,30,0,2
BRDA:113,31,0,0
BRDA:115,32,0,0
BRDA:119,33,0,1
BRDA:122,34,0,5
BRDA:126,35,0,2
BRDA:134,36,0,3
BRDA:134,37,0,2
BRDA:142,38,0,1
BRDA:142,39,0,2
BRDA:160,40,0,1
BRDA:163,41,0,6
BRDA:164,42,0,3
BRDA:179,43,0,0
BRDA:187,44,0,1
BRDA:193,45,0,1
BRDA:202,46,0,2
BRDA:207,47,0,4
BRDA:217,48,0,0
BRDA:222,49,0,1
BRDA:228,50,0,5
BRDA:231,51,0,7
BRDA:232,52,0,1
BRDA:233,53,0,2
BRDA:239,54,0,4
BRDA:242,55,0,3
BRDA:252,56,0,5
BRDA:252,57,0,9
BRDA:253,58,0,5
BRDA:256,59,0,5
BRDA:263,60,0,3
BRDA:270,61,0,1
BRDA:275,62,0,2
BRDA:279,63,0,1
BRDA:280,64,0,0
BRDA:284,65,0,1
BRDA:287,66,0,1
BRDA:300,67,0,13
BRDA:302,68,0,2
BRDA:304,69,0,1
BRDA:308,70,0,11
BRDA:309,71,0,2
BRDA:311,72,0,1
BRDA:315,73,0,9
BRDA:315,74,0,4
BRDA:315,75,0,3
BRDA:316,76,0,9
BRDA:316,77,0,5
BRDA:316,78,0,2
BRDA:318,79,0,9
BRDA:318,80,0,6
BRDA:323,81,0,3
BRDA:333,82,0,9
BRDA:336,83,0,1
BRDA:124,84,0,5
BRF:85
BRH:78
end_of_record
TN:
SF:compiler/checkers/helpers.ts
FN:9,__name
FN:9,sameType
FN:34,typeToString
FN:50,isBoolish
FN:58,isEffectfulExpr
FNF:5
FNH:5
FNDA:4,__name
FNDA:54,sameType
FNDA:52,typeToString
FNDA:15,isBoolish
FNDA:7,isEffectfulExpr
DA:1,1
DA:2,1
DA:3,1
DA:4,1
DA:5,1
DA:6,1
DA:7,1
DA:8,1
DA:9,1
DA:10,54
DA:11,54
DA:12,54
DA:13,54
DA:14,54
DA:15,54
DA:16,54
DA:17,54
DA:18,5
DA:19,5
DA:20,5
DA:21,5
DA:22,4
DA:23,4
DA:24,5
DA:25,1
DA:26,54
DA:27,54
DA:28,1
DA:29,1
DA:30,1
DA:31,1
DA:32,1
DA:33,1
DA:34,1
DA:35,52
DA:36,52
DA:37,52
DA:38,4
DA:39,52
DA:40,1
DA:41,52
DA:42,47
DA:43,52
DA:44,52
DA:45,1
DA:46,1
DA:47,1
DA:48,1
DA:49,1
DA:50,1
DA:51,15
DA:52,15
DA:53,1
DA:54,1
DA:55,1
DA:56,1
DA:57,1
DA:58,1
DA:59,7
DA:60,7
DA:61,5
DA:62,4
DA:63,3
DA:64,7
DA:65,7
LF:65
LH:65
BRDA:9,0,0,4
BRDA:9,1,0,54
BRDA:10,2,0,52
BRDA:10,3,0,2
BRDA:11,4,0,52
BRDA:11,5,0,50
BRDA:11,6,0,2
BRDA:12,7,0,50
BRDA:12,8,0,17
BRDA:14,9,0,33
BRDA:14,10,0,30
BRDA:15,11,0,7
BRDA:17,12,0,26
BRDA:17,13,0,5
BRDA:19,14,0,2
BRDA:20,15,0,3
BRDA:20,16,0,1
BRDA:21,17,0,2
BRDA:21,18,0,4
BRDA:22,19,0,1
BRDA:24,20,0,1
BRDA:26,21,0,21
BRDA:34,22,0,52
BRDA:36,23,0,1
BRDA:37,24,0,4
BRDA:39,25,0,1
BRDA:41,26,0,47
BRDA:50,27,0,15
BRDA:51,28,0,5
BRDA:51,29,0,4
BRDA:58,30,0,7
BRDA:60,31,0,5
BRDA:61,32,0,4
BRDA:62,33,0,3
BRF:34
BRH:34
end_of_record
TN:
SF:compiler/checkers/match.ts
FN:16,__name
FN:16,makeMatchVisitor
FN:27,visitMatch
FN:36,resolveEnumNameFromValue
FN:45,inferEnumNameFromArms
FNF:5
FNH:5
FNDA:68,__name
FNDA:17,makeMatchVisitor
FNDA:25,visitMatch
FNDA:25,resolveEnumNameFromValue
FNDA:6,inferEnumNameFromArms
DA:1,1
DA:2,1
DA:3,1
DA:4,1
DA:5,1
DA:6,1
DA:7,1
DA:8,1
DA:9,1
DA:10,1
DA:11,1
DA:12,1
DA:13,1
DA:14,1
DA:15,1
DA:16,1
DA:17,17
DA:18,17
DA:19,17
DA:20,17
DA:21,17
DA:22,17
DA:23,17
DA:24,17
DA:25,17
DA:26,17
DA:27,17
DA:28,25
DA:29,25
DA:30,25
DA:31,25
DA:32,25
DA:33,25
DA:34,25
DA:35,25
DA:36,25
DA:37,25
DA:38,25
DA:39,25
DA:40,25
DA:41,25
DA:42,25
DA:43,25
DA:44,25
DA:45,25
DA:46,6
DA:47,6
DA:48,8
DA:49,8
DA:50,1
DA:51,8
DA:52,6
DA:53,6
DA:54,25
DA:55,25
DA:56,25
DA:57,25
DA:58,25
DA:59,25
DA:60,25
DA:61,23
DA:62,23
DA:63,23
DA:64,23
DA:65,28
DA:66,28
DA:67,28
DA:68,28
DA:69,20
DA:70,28
DA:71,28
DA:72,20
DA:73,23
DA:74,23
DA:75,23
DA:76,28
DA:77,28
DA:78,28
DA:79,28
DA:80,3
DA:81,3
DA:82,3
DA:83,28
DA:84,28
DA:85,23
DA:86,23
DA:87,26
DA:88,26
DA:89,3
DA:90,3
DA:91,3
DA:92,3
DA:93,26
DA:94,23
DA:95,23
DA:96,23
DA:97,23
DA:98,23
DA:99,23
DA:100,23
DA:101,20
DA:102,20
DA:103,21
DA:104,21
DA:105,21
DA:106,19
DA:107,21
DA:108,16
DA:109,16
DA:110,21
DA:111,20
DA:112,25
DA:113,25
DA:114,25
DA:115,20
DA:116,23
DA:117,23
DA:118,25
DA:119,25
DA:120,29
DA:121,29
DA:122,29
DA:123,29
DA:124,25
DA:125,2
DA:126,2
DA:127,25
DA:128,25
DA:129,25
DA:130,0
DA:131,25
DA:132,25
DA:133,25
DA:134,25
DA:135,3
DA:136,25
DA:137,22
DA:138,5
DA:139,5
DA:140,22
DA:141,1
DA:142,1
DA:143,1
DA:144,1
DA:145,1
DA:146,1
DA:147,1
DA:148,22
DA:149,25
DA:150,25
DA:151,6
DA:152,6
DA:153,6
DA:154,6
DA:155,6
DA:156,6
DA:157,25
DA:158,29
DA:159,29
DA:160,4
DA:161,4
DA:162,4
DA:163,4
DA:164,29
DA:165,29
DA:166,29
DA:167,29
DA:168,14
DA:169,14
DA:170,29
DA:171,29
DA:172,29
DA:173,29
DA:174,29
DA:175,29
DA:176,25
DA:177,25
DA:178,25
DA:179,25
DA:180,17
LF:180
LH:179
BRDA:16,0,0,68
BRDA:16,1,0,17
BRDA:27,2,0,25
BRDA:56,3,0,6
BRDA:60,4,0,23
BRDA:64,5,0,28
BRDA:65,6,0,3
BRDA:66,7,0,25
BRDA:66,8,0,3
BRDA:67,9,0,22
BRDA:67,10,0,2
BRDA:68,11,0,20
BRDA:70,12,0,2
BRDA:71,13,0,20
BRDA:75,14,0,28
BRDA:76,15,0,3
BRDA:77,16,0,25
BRDA:77,17,0,2
BRDA:78,18,0,23
BRDA:79,19,0,3
BRDA:83,20,0,20
BRDA:83,21,0,18
BRDA:86,22,0,26
BRDA:88,23,0,3
BRDA:88,24,0,3
BRDA:90,25,0,2
BRDA:100,26,0,20
BRDA:102,27,0,21
BRDA:105,28,0,19
BRDA:107,29,0,16
BRDA:111,30,0,25
BRDA:113,31,0,12
BRDA:119,32,0,29
BRDA:123,33,0,25
BRDA:124,34,0,2
BRDA:129,35,0,0
BRDA:131,36,0,0
BRDA:132,37,0,3
BRDA:134,38,0,3
BRDA:136,39,0,22
BRDA:137,40,0,15
BRDA:137,41,0,5
BRDA:140,42,0,7
BRDA:140,43,0,1
BRDA:150,44,0,6
BRDA:150,45,0,6
BRDA:159,46,0,4
BRDA:167,47,0,14
BRDA:168,48,0,0
BRDA:36,49,0,25
BRDA:37,50,0,9
BRDA:38,51,0,16
BRDA:39,52,0,15
BRDA:39,53,0,5
BRDA:40,54,0,1
BRDA:41,55,0,0
BRDA:42,56,0,1
BRDA:45,57,0,6
BRDA:47,58,0,8
BRDA:48,59,0,3
BRDA:49,60,0,5
BRDA:49,61,0,4
BRDA:49,62,0,1
BRDA:50,63,0,0
BRDA:97,64,0,26
BRDA:97,65,0,3
BRF:66
BRH:61
end_of_record
TN:
SF:compiler/checkers/stmts.ts
FN:15,__name
FN:15,makeStmtVisitors
FN:34,visitStatement
FN:234,visitBlock
FNF:4
FNH:4
FNDA:37,__name
FNDA:18,makeStmtVisitors
FNDA:35,visitStatement
FNDA:11,visitBlock
DA:1,1
DA:2,1
DA:3,1
DA:4,1
DA:5,1
DA:6,1
DA:7,1
DA:8,1
DA:9,1
DA:10,1
DA:11,1
DA:12,1
DA:13,1
DA:14,1
DA:15,1
DA:16,18
DA:17,18
DA:18,18
DA:19,18
DA:20,18
DA:21,18
DA:22,18
DA:23,18
DA:24,18
DA:25,18
DA:26,18
DA:27,18
DA:28,18
DA:29,18
DA:30,18
DA:31,18
DA:32,18
DA:33,18
DA:34,18
DA:35,35
DA:36,35
DA:37,35
DA:38,35
DA:39,35
DA:40,35
DA:41,35
DA:42,35
DA:43,35
DA:44,0
DA:45,0
DA:46,35
DA:47,35
DA:48,1
DA:49,2
DA:50,2
DA:51,2
DA:52,2
DA:53,2
DA:54,2
DA:55,1
DA:56,1
DA:57,35
DA:58,35
DA:59,4
DA:60,4
DA:61,4
DA:62,4
DA:63,4
DA:64,4
DA:65,1
DA:66,1
DA:67,1
DA:68,1
DA:69,1
DA:70,1
DA:71,1
DA:72,4
DA:73,4
DA:74,4
DA:75,4
DA:76,4
DA:77,4
DA:78,4
DA:79,4
DA:80,4
DA:81,4
DA:82,2
DA:83,2
DA:84,4
DA:85,4
DA:86,4
DA:87,35
DA:88,35
DA:89,8
DA:90,8
DA:91,8
DA:92,8
DA:93,8
DA:94,8
DA:95,8
DA:96,8
DA:97,8
DA:98,8
DA:99,8
DA:100,8
DA:101,8
DA:102,8
DA:103,8
DA:104,8
DA:105,0
DA:106,0
DA:107,0
DA:108,0
DA:109,0
DA:110,0
DA:111,8
DA:112,8
DA:113,8
DA:114,8
DA:115,8
DA:116,8
DA:117,8
DA:118,8
DA:119,8
DA:120,8
DA:121,8
DA:122,7
DA:123,1
DA:124,8
DA:125,8
DA:126,8
DA:127,8
DA:128,5
DA:129,5
DA:130,3
DA:131,3
DA:132,3
DA:133,5
DA:134,2
DA:135,2
DA:136,5
DA:137,5
DA:138,1
DA:139,1
DA:140,1
DA:141,1
DA:142,1
DA:143,1
DA:144,1
DA:145,1
DA:146,1
DA:147,1
DA:148,5
DA:149,5
DA:150,8
DA:151,3
DA:152,3
DA:153,3
DA:154,3
DA:155,3
DA:156,3
DA:157,8
DA:158,8
DA:159,8
DA:160,4
DA:161,4
DA:162,8
DA:163,8
DA:164,8
DA:165,8
DA:166,8
DA:167,8
DA:168,35
DA:169,35
DA:170,2
DA:171,2
DA:172,2
DA:173,2
DA:174,2
DA:175,2
DA:176,35
DA:177,35
DA:178,13
DA:179,4
DA:180,4
DA:181,4
DA:182,13
DA:183,13
DA:184,6
DA:185,6
DA:186,6
DA:187,6
DA:188,6
DA:189,3
DA:190,3
DA:191,6
DA:192,3
DA:193,3
DA:194,3
DA:195,3
DA:196,3
DA:197,3
DA:198,3
DA:199,6
DA:200,6
DA:201,13
DA:202,3
DA:203,3
DA:204,2
DA:205,2
DA:206,2
DA:207,3
DA:208,2
DA:209,2
DA:210,2
DA:211,2
DA:212,2
DA:213,3
DA:214,3
DA:215,13
DA:216,35
DA:217,35
DA:218,7
DA:219,4
DA:220,4
DA:221,4
DA:222,4
DA:223,7
DA:224,7
DA:225,3
DA:226,3
DA:227,3
DA:228,7
DA:229,7
DA:230,7
DA:231,35
DA:232,35
DA:233,18
DA:234,18
DA:235,11
DA:236,11
DA:237,11
DA:238,11
DA:239,11
DA:240,11
DA:241,11
DA:242,11
DA:243,11
DA:244,11
DA:245,11
DA:246,11
DA:247,11
DA:248,11
DA:249,13
DA:250,13
DA:251,13
DA:252,4
DA:253,4
DA:254,4
DA:255,13
DA:256,13
DA:257,13
DA:258,13
DA:259,13
DA:260,13
DA:261,13
DA:262,13
DA:263,13
DA:264,13
DA:265,13
DA:266,13
DA:267,13
DA:268,13
DA:269,13
DA:270,13
DA:271,13
DA:272,13
DA:273,11
DA:274,11
DA:275,11
DA:276,11
DA:277,11
DA:278,11
DA:279,18
DA:280,18
DA:281,18
LF:281
LH:273
BRDA:15,0,0,37
BRDA:15,1,0,18
BRDA:34,2,0,35
BRDA:43,3,0,0
BRDA:47,4,0,1
BRDA:48,5,0,2
BRDA:58,6,0,4
BRDA:64,7,0,1
BRDA:73,8,0,1
BRDA:73,9,0,3
BRDA:81,10,0,2
BRDA:88,11,0,8
BRDA:93,12,0,5
BRDA:93,13,0,3
BRDA:104,14,0,0
BRDA:117,15,0,5
BRDA:117,16,0,3
BRDA:121,17,0,7
BRDA:122,18,0,1
BRDA:127,19,0,5
BRDA:129,20,0,3
BRDA:133,21,0,2
BRDA:137,22,0,1
BRDA:150,23,0,3
BRDA:152,24,0,0
BRDA:159,25,0,4
BRDA:159,26,0,4
BRDA:169,27,0,2
BRDA:177,28,0,13
BRDA:178,29,0,4
BRDA:183,30,0,9
BRDA:183,31,0,6
BRDA:188,32,0,3
BRDA:191,33,0,3
BRDA:201,34,0,3
BRDA:203,35,0,2
BRDA:207,36,0,2
BRDA:217,37,0,7
BRDA:218,38,0,4
BRDA:218,39,0,4
BRDA:224,40,0,3
BRDA:228,41,0,0
BRDA:234,42,0,11
BRDA:248,43,0,13
BRDA:251,44,0,4
BRDA:256,45,0,9
BRDA:257,46,0,3
BRDA:268,47,0,6
BRDA:269,48,0,9
BRDA:269,49,0,0
BRDA:271,50,0,9
BRF:51
BRH:46
end_of_record
TN:
SF:compiler/checkers/types.ts
FN:27,__name
FNF:1
FNH:1
FNDA:3,__name
DA:1,1
DA:2,1
DA:3,1
DA:4,1
DA:5,1
DA:6,1
DA:7,1
DA:8,1
DA:9,1
DA:10,1
DA:11,1
DA:12,1
DA:13,1
DA:14,1
DA:15,1
DA:16,1
DA:17,1
DA:18,1
DA:19,1
DA:20,1
DA:21,1
DA:22,1
DA:23,1
DA:24,1
DA:25,1
DA:26,1
DA:27,1
DA:28,1
DA:29,1
DA:30,1
DA:31,1
DA:32,1
DA:33,1
DA:34,1
DA:35,1
DA:36,1
DA:37,1
DA:38,1
DA:39,1
DA:40,1
DA:41,1
DA:42,1
DA:43,1
DA:44,1
DA:45,1
DA:46,1
DA:47,1
DA:48,1
DA:49,1
DA:50,1
DA:51,1
DA:52,1
DA:53,1
DA:54,1
DA:55,1
DA:56,1
DA:57,1
DA:58,1
DA:59,1
DA:60,1
LF:60
LH:60
BRDA:27,0,0,3
BRDA:34,1,0,17
BRDA:35,2,0,68
BRDA:36,3,0,24
BRF:4
BRH:4
end_of_record
