TN:
SF:compiler/checkers/core_helpers.ts
FN:16,__name
FN:16,makeCoreHelpers
FN:26,mustBe
FN:36,joinConcreteOrError
FN:65,requireValue
FN:70,requireBranchValue
FN:78,implicitReturnFromBody
FNF:7
FNH:7
FNDA:291,__name
FNDA:58,makeCoreHelpers
FNDA:17,mustBe
FNDA:31,joinConcreteOrError
FNDA:38,requireValue
FNDA:17,requireBranchValue
FNDA:11,implicitReturnFromBody
DA:1,1
DA:2,1
DA:3,1
DA:4,1
DA:5,1
DA:6,1
DA:7,1
DA:8,1
DA:9,1
DA:10,1
DA:11,1
DA:12,1
DA:13,1
DA:14,1
DA:15,1
DA:16,1
DA:17,58
DA:18,58
DA:19,58
DA:20,58
DA:21,58
DA:22,58
DA:23,58
DA:24,58
DA:25,58
DA:26,58
DA:27,17
DA:28,17
DA:29,17
DA:30,17
DA:31,58
DA:32,58
DA:33,58
DA:34,58
DA:35,58
DA:36,58
DA:37,31
DA:38,31
DA:39,3
DA:40,3
DA:41,1
DA:42,31
DA:43,31
DA:44,28
DA:45,31
DA:46,2
DA:47,2
DA:48,2
DA:49,2
DA:50,31
DA:51,31
DA:52,31
DA:53,12
DA:54,1
DA:55,1
DA:56,1
DA:57,1
DA:58,1
DA:59,1
DA:60,12
DA:61,31
DA:62,31
DA:63,58
DA:64,58
DA:65,58
DA:66,38
DA:67,38
DA:68,58
DA:69,58
DA:70,58
DA:71,17
DA:72,17
DA:73,58
DA:74,58
DA:75,58
DA:76,58
DA:77,58
DA:78,58
DA:79,11
DA:80,11
DA:81,11
DA:82,11
DA:83,11
DA:84,5
DA:85,5
DA:86,3
DA:87,3
DA:88,5
DA:89,2
DA:90,11
DA:91,11
DA:92,3
DA:93,1
DA:94,1
DA:95,1
DA:96,1
DA:97,1
DA:98,1
DA:99,3
DA:100,3
DA:101,2
DA:102,2
DA:103,2
DA:104,2
DA:105,2
DA:106,3
DA:107,3
DA:108,11
DA:109,58
DA:110,58
DA:111,58
LF:111
LH:111
BRDA:16,0,0,291
BRDA:16,1,0,58
BRDA:26,2,0,17
BRDA:27,3,0,15
BRDA:27,4,0,2
BRDA:28,5,0,15
BRDA:28,6,0,14
BRDA:28,7,0,1
BRDA:29,8,0,14
BRDA:29,9,0,6
BRDA:36,10,0,31
BRDA:38,11,0,3
BRDA:39,12,0,2
BRDA:40,13,0,1
BRDA:43,14,0,28
BRDA:45,15,0,9
BRDA:45,16,0,2
BRDA:51,17,0,26
BRDA:52,18,0,12
BRDA:53,19,0,1
BRDA:61,20,0,25
BRDA:37,21,0,48
BRDA:37,22,0,44
BRDA:39,23,0,5
BRDA:43,24,0,36
BRDA:44,25,0,34
BRDA:46,26,0,4
BRDA:65,27,0,38
BRDA:66,28,0,7
BRDA:70,29,0,17
BRDA:71,30,0,9
BRDA:78,31,0,11
BRDA:83,32,0,5
BRDA:85,33,0,3
BRDA:88,34,0,2
BRDA:91,35,0,6
BRDA:91,36,0,3
BRDA:92,37,0,1
BRDA:100,38,0,2
BRF:39
BRH:39
end_of_record
TN:
SF:compiler/checkers/env.ts
FN:11,__name
FN:11,makeEnvHelpers
FN:18,err
FN:23,warn
FN:31,spanOf
FN:39,declare
FN:56,use
FN:69,finishScope
FN:78,warnUnusedTopLevel
FNF:9
FNH:9
FNDA:106,__name
FNDA:15,makeEnvHelpers
FNDA:6,err
FNDA:3,warn
FNDA:8,spanOf
FNDA:11,declare
FNDA:5,use
FNDA:3,finishScope
FNDA:3,warnUnusedTopLevel
DA:1,1
DA:2,1
DA:3,1
DA:4,1
DA:5,1
DA:6,1
DA:7,1
DA:8,1
DA:9,1
DA:10,1
DA:11,1
DA:12,15
DA:13,15
DA:14,15
DA:15,15
DA:16,15
DA:17,15
DA:18,15
DA:19,6
DA:20,6
DA:21,15
DA:22,15
DA:23,15
DA:24,3
DA:25,3
DA:26,15
DA:27,15
DA:28,15
DA:29,15
DA:30,15
DA:31,15
DA:32,8
DA:33,8
DA:34,15
DA:35,15
DA:36,15
DA:37,15
DA:38,15
DA:39,15
DA:40,11
DA:41,11
DA:42,11
DA:43,11
DA:44,11
DA:45,11
DA:46,11
DA:47,11
DA:48,11
DA:49,11
DA:50,11
DA:51,11
DA:52,15
DA:53,15
DA:54,15
DA:55,15
DA:56,15
DA:57,5
DA:58,5
DA:59,5
DA:60,2
DA:61,2
DA:62,2
DA:63,5
DA:64,5
DA:65,3
DA:66,5
DA:67,15
DA:68,15
DA:69,15
DA:70,3
DA:71,4
DA:72,3
DA:73,3
DA:74,4
DA:75,3
DA:76,15
DA:77,15
DA:78,15
DA:79,3
DA:80,4
DA:81,3
DA:82,3
DA:83,4
DA:84,3
DA:85,15
DA:86,15
DA:87,15
LF:87
LH:87
BRDA:11,0,0,106
BRDA:11,1,0,15
BRDA:18,2,0,6
BRDA:23,3,0,3
BRDA:31,4,0,8
BRDA:32,5,0,5
BRDA:32,6,0,3
BRDA:32,7,0,5
BRDA:39,8,0,11
BRDA:46,9,0,9
BRDA:46,10,0,3
BRDA:48,11,0,9
BRDA:48,12,0,4
BRDA:49,13,0,9
BRDA:56,14,0,5
BRDA:59,15,0,2
BRDA:64,16,0,3
BRDA:69,17,0,3
BRDA:70,18,0,4
BRDA:71,19,0,3
BRDA:71,20,0,3
BRDA:78,21,0,3
BRDA:79,22,0,4
BRDA:80,23,0,3
BRDA:80,24,0,3
BRF:25
BRH:25
end_of_record
TN:
SF:compiler/checkers/expr.ts
FN:15,__name
FN:15,makeExprVisitor
FN:37,visitExpr
FNF:3
FNH:3
FNDA:27,__name
FNDA:26,makeExprVisitor
FNDA:156,visitExpr
DA:1,1
DA:2,1
DA:3,1
DA:4,1
DA:5,1
DA:6,1
DA:7,1
DA:8,1
DA:9,1
DA:10,1
DA:11,1
DA:12,1
DA:13,1
DA:14,1
DA:15,1
DA:16,26
DA:17,26
DA:18,26
DA:19,26
DA:20,26
DA:21,26
DA:22,26
DA:23,26
DA:24,26
DA:25,26
DA:26,26
DA:27,26
DA:28,26
DA:29,26
DA:30,26
DA:31,26
DA:32,26
DA:33,26
DA:34,26
DA:35,26
DA:36,26
DA:37,26
DA:38,156
DA:39,156
DA:40,156
DA:41,156
DA:42,156
DA:43,156
DA:44,156
DA:45,34
DA:46,156
DA:47,156
DA:48,43
DA:49,156
DA:50,156
DA:51,13
DA:52,156
DA:53,156
DA:54,1
DA:55,156
DA:56,156
DA:57,2
DA:58,4
DA:59,2
DA:60,2
DA:61,2
DA:62,4
DA:63,2
DA:64,2
DA:65,156
DA:66,156
DA:67,5
DA:68,5
DA:69,4
DA:70,4
DA:71,4
DA:72,5
DA:73,1
DA:74,156
DA:75,156
DA:76,16
DA:77,16
DA:78,16
DA:79,16
DA:80,4
DA:81,4
DA:82,4
DA:83,4
DA:84,4
DA:85,4
DA:86,16
DA:87,16
DA:88,3
DA:89,3
DA:90,3
DA:91,3
DA:92,3
DA:93,3
DA:94,16
DA:95,16
DA:96,3
DA:97,3
DA:98,3
DA:99,3
DA:100,3
DA:101,3
DA:102,3
DA:103,2
DA:104,2
DA:105,2
DA:106,2
DA:107,2
DA:108,3
DA:109,3
DA:110,16
DA:111,16
DA:112,4
DA:113,4
DA:114,4
DA:115,4
DA:116,4
DA:117,4
DA:118,16
DA:119,16
DA:120,2
DA:121,156
DA:122,156
DA:123,6
DA:124,6
DA:125,6
DA:126,6
DA:127,3
DA:128,3
DA:129,3
DA:130,3
DA:131,3
DA:132,3
DA:133,3
DA:134,6
DA:135,2
DA:136,2
DA:137,2
DA:138,2
DA:139,2
DA:140,2
DA:141,6
DA:142,6
DA:143,1
DA:144,1
DA:145,1
DA:146,1
DA:147,1
DA:148,1
DA:149,1
DA:150,1
DA:151,1
DA:152,1
DA:153,1
DA:154,1
DA:155,1
DA:156,1
DA:157,1
DA:158,1
DA:159,1
DA:160,1
DA:161,1
DA:162,156
DA:163,156
DA:164,8
DA:165,4
DA:166,4
DA:167,4
DA:168,4
DA:169,4
DA:170,4
DA:171,4
DA:172,3
DA:173,3
DA:174,3
DA:175,3
DA:176,3
DA:177,4
DA:178,4
DA:179,4
DA:180,4
DA:181,4
DA:182,4
DA:183,4
DA:184,4
DA:185,4
DA:186,4
DA:187,4
DA:188,1
DA:189,1
DA:190,4
DA:191,8
DA:192,8
DA:193,8
DA:194,8
DA:195,8
DA:196,8
DA:197,8
DA:198,8
DA:199,8
DA:200,8
DA:201,8
DA:202,8
DA:203,3
DA:204,3
DA:205,3
DA:206,3
DA:207,8
DA:208,5
DA:209,5
DA:210,5
DA:211,5
DA:212,5
DA:213,8
DA:214,8
DA:215,8
DA:216,8
DA:217,8
DA:218,8
DA:219,156
DA:220,156
DA:221,9
DA:222,9
DA:223,2
DA:224,2
DA:225,2
DA:226,2
DA:227,9
DA:228,9
DA:229,7
DA:230,7
DA:231,9
DA:232,9
DA:233,9
DA:234,9
DA:235,9
DA:236,9
DA:237,9
DA:238,9
DA:239,9
DA:240,9
DA:241,9
DA:242,9
DA:243,3
DA:244,3
DA:245,3
DA:246,3
DA:247,3
DA:248,3
DA:249,3
DA:250,9
DA:251,9
DA:252,9
DA:253,13
DA:254,13
DA:255,9
DA:256,9
DA:257,7
DA:258,156
DA:259,156
DA:260,8
DA:261,8
DA:262,8
DA:263,8
DA:264,4
DA:265,4
DA:266,4
DA:267,4
DA:268,4
DA:269,4
DA:270,8
DA:271,1
DA:272,1
DA:273,1
DA:274,8
DA:275,8
DA:276,3
DA:277,3
DA:278,3
DA:279,3
DA:280,3
DA:281,3
DA:282,3
DA:283,3
DA:284,3
DA:285,3
DA:286,3
DA:287,3
DA:288,1
DA:289,1
DA:290,1
DA:291,1
DA:292,1
DA:293,1
DA:294,1
DA:295,3
DA:296,3
DA:297,3
DA:298,3
DA:299,156
DA:300,156
DA:301,9
DA:302,9
DA:303,2
DA:304,2
DA:305,2
DA:306,2
DA:307,9
DA:308,9
DA:309,9
DA:310,1
DA:311,1
DA:312,1
DA:313,1
DA:314,9
DA:315,9
DA:316,9
DA:317,9
DA:318,9
DA:319,4
DA:320,4
DA:321,4
DA:322,4
DA:323,4
DA:324,2
DA:325,1
DA:326,1
DA:327,1
DA:328,1
DA:329,1
DA:330,2
DA:331,4
DA:332,9
DA:333,9
DA:334,6
DA:335,156
DA:336,156
DA:337,1
DA:338,1
DA:339,1
DA:340,1
DA:341,1
DA:342,1
DA:343,1
DA:344,1
DA:345,1
DA:346,156
DA:347,156
DA:348,26
LF:348
LH:348
BRDA:15,0,0,27
BRDA:15,1,0,26
BRDA:37,2,0,156
BRDA:44,3,0,34
BRDA:47,4,0,43
BRDA:50,5,0,13
BRDA:53,6,0,1
BRDA:56,7,0,2
BRDA:57,8,0,4
BRDA:58,9,0,2
BRDA:66,10,0,5
BRDA:68,11,0,4
BRDA:69,12,0,3
BRDA:72,13,0,1
BRDA:75,14,0,16
BRDA:79,15,0,4
BRDA:80,16,0,2
BRDA:81,17,0,2
BRDA:82,18,0,0
BRDA:83,19,0,0
BRDA:87,20,0,12
BRDA:87,21,0,3
BRDA:88,22,0,1
BRDA:89,23,0,1
BRDA:90,24,0,2
BRDA:91,25,0,2
BRDA:95,26,0,9
BRDA:95,27,0,6
BRDA:95,28,0,3
BRDA:102,29,0,2
BRDA:111,30,0,6
BRDA:111,31,0,2
BRDA:111,32,0,4
BRDA:113,33,0,1
BRDA:115,34,0,2
BRDA:119,35,0,2
BRDA:122,36,0,6
BRDA:126,37,0,3
BRDA:134,38,0,2
BRDA:142,39,0,1
BRDA:163,40,0,8
BRDA:164,41,0,4
BRDA:171,42,0,3
BRDA:179,43,0,0
BRDA:187,44,0,1
BRDA:193,45,0,1
BRDA:202,46,0,3
BRDA:207,47,0,5
BRDA:217,48,0,0
BRDA:220,49,0,9
BRDA:222,50,0,2
BRDA:228,51,0,7
BRDA:232,52,0,1
BRDA:233,53,0,3
BRDA:239,54,0,6
BRDA:242,55,0,3
BRDA:252,56,0,7
BRDA:252,57,0,13
BRDA:253,58,0,8
BRDA:256,59,0,7
BRDA:259,60,0,8
BRDA:263,61,0,4
BRDA:270,62,0,1
BRDA:275,63,0,3
BRDA:279,64,0,2
BRDA:280,65,0,0
BRDA:284,66,0,2
BRDA:287,67,0,1
BRDA:300,68,0,9
BRDA:302,69,0,2
BRDA:304,70,0,0
BRDA:308,71,0,7
BRDA:309,72,0,1
BRDA:311,73,0,0
BRDA:315,74,0,6
BRDA:315,75,0,3
BRDA:315,76,0,2
BRDA:316,77,0,6
BRDA:316,78,0,3
BRDA:316,79,0,1
BRDA:318,80,0,6
BRDA:318,81,0,4
BRDA:323,82,0,2
BRDA:324,83,0,1
BRDA:333,84,0,6
BRDA:336,85,0,1
BRDA:124,86,0,4
BRF:87
BRH:80
end_of_record
TN:
SF:compiler/checkers/helpers.ts
FN:9,__name
FN:9,sameType
FN:34,typeToString
FN:50,isBoolish
FN:58,isEffectfulExpr
FNF:5
FNH:5
FNDA:4,__name
FNDA:51,sameType
FNDA:44,typeToString
FNDA:23,isBoolish
FNDA:7,isEffectfulExpr
DA:1,1
DA:2,1
DA:3,1
DA:4,1
DA:5,1
DA:6,1
DA:7,1
DA:8,1
DA:9,1
DA:10,51
DA:11,51
DA:12,51
DA:13,51
DA:14,51
DA:15,51
DA:16,51
DA:17,51
DA:18,5
DA:19,5
DA:20,5
DA:21,5
DA:22,4
DA:23,4
DA:24,5
DA:25,1
DA:26,51
DA:27,51
DA:28,1
DA:29,1
DA:30,1
DA:31,1
DA:32,1
DA:33,1
DA:34,1
DA:35,44
DA:36,44
DA:37,44
DA:38,4
DA:39,44
DA:40,1
DA:41,44
DA:42,39
DA:43,44
DA:44,44
DA:45,1
DA:46,1
DA:47,1
DA:48,1
DA:49,1
DA:50,1
DA:51,23
DA:52,23
DA:53,1
DA:54,1
DA:55,1
DA:56,1
DA:57,1
DA:58,1
DA:59,7
DA:60,7
DA:61,5
DA:62,4
DA:63,3
DA:64,7
DA:65,7
LF:65
LH:65
BRDA:9,0,0,4
BRDA:9,1,0,51
BRDA:10,2,0,49
BRDA:10,3,0,2
BRDA:11,4,0,49
BRDA:11,5,0,47
BRDA:11,6,0,2
BRDA:12,7,0,47
BRDA:12,8,0,12
BRDA:14,9,0,35
BRDA:14,10,0,32
BRDA:15,11,0,6
BRDA:17,12,0,29
BRDA:17,13,0,5
BRDA:19,14,0,2
BRDA:20,15,0,3
BRDA:20,16,0,1
BRDA:21,17,0,2
BRDA:21,18,0,4
BRDA:22,19,0,1
BRDA:24,20,0,1
BRDA:26,21,0,24
BRDA:34,22,0,44
BRDA:36,23,0,1
BRDA:37,24,0,4
BRDA:39,25,0,1
BRDA:41,26,0,39
BRDA:50,27,0,23
BRDA:51,28,0,9
BRDA:51,29,0,8
BRDA:58,30,0,7
BRDA:60,31,0,5
BRDA:61,32,0,4
BRDA:62,33,0,3
BRF:34
BRH:34
end_of_record
TN:
SF:compiler/checkers/match.ts
FN:15,__name
FN:15,makeMatchVisitor
FN:26,visitMatch
FN:35,resolveEnumNameFromValue
FN:44,inferEnumNameFromArms
FNF:5
FNH:5
FNDA:74,__name
FNDA:19,makeMatchVisitor
FNDA:27,visitMatch
FNDA:27,resolveEnumNameFromValue
FNDA:7,inferEnumNameFromArms
DA:1,1
DA:2,1
DA:3,1
DA:4,1
DA:5,1
DA:6,1
DA:7,1
DA:8,1
DA:9,1
DA:10,1
DA:11,1
DA:12,1
DA:13,1
DA:14,1
DA:15,1
DA:16,19
DA:17,19
DA:18,19
DA:19,19
DA:20,19
DA:21,19
DA:22,19
DA:23,19
DA:24,19
DA:25,19
DA:26,19
DA:27,27
DA:28,27
DA:29,27
DA:30,27
DA:31,27
DA:32,27
DA:33,27
DA:34,27
DA:35,27
DA:36,27
DA:37,27
DA:38,27
DA:39,27
DA:40,27
DA:41,27
DA:42,27
DA:43,27
DA:44,27
DA:45,7
DA:46,7
DA:47,9
DA:48,9
DA:49,2
DA:50,9
DA:51,7
DA:52,7
DA:53,27
DA:54,27
DA:55,27
DA:56,27
DA:57,27
DA:58,27
DA:59,27
DA:60,24
DA:61,24
DA:62,24
DA:63,24
DA:64,29
DA:65,29
DA:66,29
DA:67,29
DA:68,22
DA:69,29
DA:70,29
DA:71,22
DA:72,24
DA:73,24
DA:74,24
DA:75,29
DA:76,29
DA:77,29
DA:78,29
DA:79,3
DA:80,3
DA:81,3
DA:82,29
DA:83,29
DA:84,24
DA:85,24
DA:86,28
DA:87,28
DA:88,2
DA:89,2
DA:90,2
DA:91,2
DA:92,28
DA:93,24
DA:94,24
DA:95,24
DA:96,24
DA:97,24
DA:98,24
DA:99,24
DA:100,22
DA:101,22
DA:102,24
DA:103,24
DA:104,24
DA:105,22
DA:106,24
DA:107,19
DA:108,19
DA:109,24
DA:110,22
DA:111,27
DA:112,27
DA:113,27
DA:114,22
DA:115,24
DA:116,24
DA:117,27
DA:118,27
DA:119,32
DA:120,32
DA:121,32
DA:122,32
DA:123,29
DA:124,2
DA:125,2
DA:126,29
DA:127,29
DA:128,27
DA:129,2
DA:130,29
DA:131,29
DA:132,29
DA:133,29
DA:134,6
DA:135,29
DA:136,23
DA:137,6
DA:138,6
DA:139,23
DA:140,1
DA:141,1
DA:142,1
DA:143,1
DA:144,1
DA:145,1
DA:146,1
DA:147,23
DA:148,29
DA:149,29
DA:150,7
DA:151,7
DA:152,7
DA:153,7
DA:154,7
DA:155,7
DA:156,29
DA:157,32
DA:158,32
DA:159,4
DA:160,4
DA:161,4
DA:162,4
DA:163,32
DA:164,32
DA:165,32
DA:166,32
DA:167,20
DA:168,20
DA:169,32
DA:170,32
DA:171,32
DA:172,32
DA:173,32
DA:174,32
DA:175,27
DA:176,27
DA:177,27
DA:178,27
DA:179,19
LF:179
LH:179
BRDA:15,0,0,74
BRDA:15,1,0,19
BRDA:26,2,0,27
BRDA:55,3,0,7
BRDA:59,4,0,24
BRDA:63,5,0,29
BRDA:64,6,0,2
BRDA:65,7,0,27
BRDA:65,8,0,3
BRDA:66,9,0,24
BRDA:66,10,0,2
BRDA:67,11,0,22
BRDA:69,12,0,2
BRDA:70,13,0,22
BRDA:74,14,0,29
BRDA:75,15,0,2
BRDA:76,16,0,27
BRDA:76,17,0,2
BRDA:77,18,0,25
BRDA:78,19,0,3
BRDA:82,20,0,22
BRDA:82,21,0,20
BRDA:85,22,0,28
BRDA:87,23,0,2
BRDA:87,24,0,2
BRDA:89,25,0,1
BRDA:99,26,0,22
BRDA:101,27,0,24
BRDA:104,28,0,22
BRDA:106,29,0,19
BRDA:110,30,0,27
BRDA:112,31,0,12
BRDA:118,32,0,32
BRDA:122,33,0,29
BRDA:123,34,0,27
BRDA:123,35,0,2
BRDA:127,36,0,27
BRDA:128,37,0,2
BRDA:130,38,0,2
BRDA:131,39,0,27
BRDA:131,40,0,6
BRDA:133,41,0,6
BRDA:135,42,0,23
BRDA:136,43,0,18
BRDA:136,44,0,6
BRDA:139,45,0,5
BRDA:139,46,0,1
BRDA:149,47,0,7
BRDA:149,48,0,7
BRDA:158,49,0,4
BRDA:166,50,0,20
BRDA:167,51,0,5
BRDA:35,52,0,27
BRDA:36,53,0,10
BRDA:37,54,0,17
BRDA:38,55,0,16
BRDA:38,56,0,6
BRDA:39,57,0,1
BRDA:40,58,0,0
BRDA:41,59,0,1
BRDA:44,60,0,7
BRDA:46,61,0,9
BRDA:47,62,0,2
BRDA:48,63,0,7
BRDA:48,64,0,5
BRDA:48,65,0,2
BRDA:49,66,0,1
BRDA:51,67,0,6
BRDA:96,68,0,28
BRDA:96,69,0,2
BRF:70
BRH:69
end_of_record
TN:
SF:compiler/checkers/stmts.ts
FN:15,__name
FN:15,makeStmtVisitors
FN:34,visitStatement
FN:234,visitBlock
FNF:4
FNH:4
FNDA:39,__name
FNDA:19,makeStmtVisitors
FNDA:34,visitStatement
FNDA:12,visitBlock
DA:1,1
DA:2,1
DA:3,1
DA:4,1
DA:5,1
DA:6,1
DA:7,1
DA:8,1
DA:9,1
DA:10,1
DA:11,1
DA:12,1
DA:13,1
DA:14,1
DA:15,1
DA:16,19
DA:17,19
DA:18,19
DA:19,19
DA:20,19
DA:21,19
DA:22,19
DA:23,19
DA:24,19
DA:25,19
DA:26,19
DA:27,19
DA:28,19
DA:29,19
DA:30,19
DA:31,19
DA:32,19
DA:33,19
DA:34,19
DA:35,34
DA:36,34
DA:37,34
DA:38,34
DA:39,34
DA:40,34
DA:41,34
DA:42,34
DA:43,34
DA:44,34
DA:45,6
DA:46,34
DA:47,34
DA:48,0
DA:49,0
DA:50,0
DA:51,0
DA:52,0
DA:53,0
DA:54,0
DA:55,0
DA:56,0
DA:57,34
DA:58,34
DA:59,2
DA:60,2
DA:61,2
DA:62,2
DA:63,2
DA:64,2
DA:65,0
DA:66,0
DA:67,0
DA:68,0
DA:69,0
DA:70,0
DA:71,0
DA:72,2
DA:73,2
DA:74,2
DA:75,2
DA:76,2
DA:77,2
DA:78,2
DA:79,2
DA:80,2
DA:81,2
DA:82,1
DA:83,1
DA:84,2
DA:85,2
DA:86,2
DA:87,34
DA:88,34
DA:89,8
DA:90,8
DA:91,8
DA:92,8
DA:93,8
DA:94,8
DA:95,8
DA:96,8
DA:97,8
DA:98,8
DA:99,8
DA:100,8
DA:101,8
DA:102,8
DA:103,8
DA:104,8
DA:105,1
DA:106,1
DA:107,1
DA:108,1
DA:109,1
DA:110,1
DA:111,8
DA:112,8
DA:113,8
DA:114,8
DA:115,8
DA:116,8
DA:117,8
DA:118,8
DA:119,8
DA:120,8
DA:121,8
DA:122,7
DA:123,1
DA:124,8
DA:125,8
DA:126,8
DA:127,8
DA:128,3
DA:129,3
DA:130,2
DA:131,2
DA:132,2
DA:133,3
DA:134,2
DA:135,2
DA:136,3
DA:137,3
DA:138,0
DA:139,0
DA:140,0
DA:141,0
DA:142,0
DA:143,0
DA:144,0
DA:145,0
DA:146,0
DA:147,0
DA:148,3
DA:149,3
DA:150,8
DA:151,5
DA:152,5
DA:153,5
DA:154,5
DA:155,5
DA:156,5
DA:157,8
DA:158,8
DA:159,8
DA:160,3
DA:161,3
DA:162,8
DA:163,8
DA:164,8
DA:165,8
DA:166,8
DA:167,8
DA:168,34
DA:169,34
DA:170,1
DA:171,1
DA:172,1
DA:173,1
DA:174,1
DA:175,1
DA:176,34
DA:177,34
DA:178,11
DA:179,3
DA:180,3
DA:181,3
DA:182,11
DA:183,11
DA:184,7
DA:185,7
DA:186,7
DA:187,7
DA:188,7
DA:189,3
DA:190,3
DA:191,7
DA:192,3
DA:193,3
DA:194,3
DA:195,3
DA:196,3
DA:197,3
DA:198,3
DA:199,7
DA:200,7
DA:201,11
DA:202,1
DA:203,1
DA:204,0
DA:205,0
DA:206,0
DA:207,1
DA:208,0
DA:209,0
DA:210,0
DA:211,0
DA:212,0
DA:213,1
DA:214,1
DA:215,11
DA:216,34
DA:217,34
DA:218,6
DA:219,4
DA:220,4
DA:221,4
DA:222,4
DA:223,6
DA:224,6
DA:225,2
DA:226,2
DA:227,2
DA:228,6
DA:229,6
DA:230,6
DA:231,34
DA:232,34
DA:233,19
DA:234,19
DA:235,12
DA:236,12
DA:237,12
DA:238,12
DA:239,12
DA:240,12
DA:241,12
DA:242,12
DA:243,12
DA:244,12
DA:245,12
DA:246,12
DA:247,12
DA:248,12
DA:249,14
DA:250,14
DA:251,14
DA:252,5
DA:253,5
DA:254,5
DA:255,14
DA:256,14
DA:257,14
DA:258,14
DA:259,14
DA:260,14
DA:261,14
DA:262,14
DA:263,14
DA:264,14
DA:265,14
DA:266,14
DA:267,14
DA:268,14
DA:269,14
DA:270,14
DA:271,14
DA:272,14
DA:273,12
DA:274,12
DA:275,12
DA:276,12
DA:277,12
DA:278,12
DA:279,19
DA:280,19
DA:281,19
LF:281
LH:247
BRDA:15,0,0,39
BRDA:15,1,0,19
BRDA:34,2,0,34
BRDA:43,3,0,3
BRDA:44,4,0,6
BRDA:47,5,0,0
BRDA:58,6,0,2
BRDA:64,7,0,0
BRDA:73,8,0,0
BRDA:81,9,0,1
BRDA:88,10,0,8
BRDA:93,11,0,3
BRDA:93,12,0,5
BRDA:104,13,0,1
BRDA:117,14,0,3
BRDA:117,15,0,5
BRDA:121,16,0,7
BRDA:122,17,0,1
BRDA:127,18,0,3
BRDA:129,19,0,2
BRDA:133,20,0,2
BRDA:137,21,0,0
BRDA:150,22,0,5
BRDA:152,23,0,0
BRDA:159,24,0,3
BRDA:159,25,0,3
BRDA:169,26,0,1
BRDA:177,27,0,11
BRDA:178,28,0,3
BRDA:183,29,0,8
BRDA:183,30,0,7
BRDA:188,31,0,3
BRDA:191,32,0,3
BRDA:201,33,0,1
BRDA:203,34,0,0
BRDA:207,35,0,0
BRDA:217,36,0,6
BRDA:218,37,0,4
BRDA:218,38,0,4
BRDA:224,39,0,2
BRDA:228,40,0,0
BRDA:91,41,0,1
BRDA:234,42,0,12
BRDA:248,43,0,14
BRDA:251,44,0,5
BRDA:256,45,0,9
BRDA:257,46,0,4
BRDA:268,47,0,7
BRDA:269,48,0,9
BRDA:269,49,0,0
BRDA:271,50,0,9
BRF:51
BRH:42
end_of_record
TN:
SF:compiler/checkers/types.ts
FN:27,__name
FNF:1
FNH:1
FNDA:3,__name
DA:1,1
DA:2,1
DA:3,1
DA:4,1
DA:5,1
DA:6,1
DA:7,1
DA:8,1
DA:9,1
DA:10,1
DA:11,1
DA:12,1
DA:13,1
DA:14,1
DA:15,1
DA:16,1
DA:17,1
DA:18,1
DA:19,1
DA:20,1
DA:21,1
DA:22,1
DA:23,1
DA:24,1
DA:25,1
DA:26,1
DA:27,1
DA:28,1
DA:29,1
DA:30,1
DA:31,1
DA:32,1
DA:33,1
DA:34,1
DA:35,1
DA:36,1
DA:37,1
DA:38,1
DA:39,1
DA:40,1
DA:41,1
DA:42,1
DA:43,1
DA:44,1
DA:45,1
DA:46,1
DA:47,1
DA:48,1
DA:49,1
DA:50,1
DA:51,1
DA:52,1
DA:53,1
DA:54,1
DA:55,1
DA:56,1
DA:57,1
DA:58,1
DA:59,1
DA:60,1
DA:61,1
DA:62,1
DA:63,1
LF:63
LH:63
BRDA:27,0,0,3
BRDA:34,1,0,21
BRDA:35,2,0,61
BRDA:36,3,0,24
BRF:4
BRH:4
end_of_record
TN:
SF:lib/logger.ts
FN:1,__name
FN:3,setVerbose
FN:7,info
FN:11,debug
FN:15,warn
FN:19,error
FNF:6
FNH:1
FNDA:5,__name
FNDA:0,setVerbose
FNDA:0,info
FNDA:0,debug
FNDA:0,warn
FNDA:0,error
DA:1,1
DA:2,1
DA:3,1
DA:4,0
DA:5,0
DA:6,1
DA:7,1
DA:8,0
DA:9,0
DA:10,1
DA:11,1
DA:12,0
DA:13,0
DA:14,1
DA:15,1
DA:16,0
DA:17,0
DA:18,1
DA:19,1
DA:20,0
DA:21,0
DA:22,1
DA:23,1
LF:23
LH:13
BRDA:1,0,0,5
BRF:1
BRH:1
end_of_record
